09/30/2022 06:14:58 PM: INFO: **************************Test_002_login_ddt test**********************
09/30/2022 06:15:12 PM: INFO: ***test failed***
09/30/2022 06:15:23 PM: INFO: ***passed***
09/30/2022 06:15:34 PM: INFO: ***passed***
09/30/2022 06:15:44 PM: INFO: ***passed***
09/30/2022 06:15:44 PM: INFO: ********Login ddt test failed*********
09/30/2022 06:17:09 PM: INFO: **************************Test_002_login_ddt test**********************
09/30/2022 06:17:24 PM: INFO: ***test pass***
09/30/2022 06:18:50 PM: INFO: **************************Test_002_login_ddt test**********************
09/30/2022 06:19:05 PM: INFO: ***test failed***
09/30/2022 06:19:16 PM: INFO: ***passed***
09/30/2022 06:19:27 PM: INFO: ***passed***
09/30/2022 06:19:37 PM: INFO: ***passed***
09/30/2022 06:19:37 PM: INFO: ********Login ddt test failed*********
09/30/2022 06:19:56 PM: INFO: **************************Test_002_login_ddt test**********************
09/30/2022 06:20:11 PM: INFO: ***test pass***
09/30/2022 06:20:22 PM: INFO: ***passed***
09/30/2022 06:20:33 PM: INFO: ***passed***
09/30/2022 06:20:43 PM: INFO: ***passed***
09/30/2022 06:20:43 PM: INFO: ********Login ddt test passed*********
09/30/2022 06:20:44 PM: INFO: ******* End of Login DDT Test **********
09/30/2022 06:20:44 PM: INFO: **************** Completed  TC_LoginDDT_002 ************* 
09/30/2022 06:24:35 PM: INFO: **************************Test_002_login_ddt test**********************
09/30/2022 06:24:51 PM: INFO: ***test pass***
09/30/2022 06:25:02 PM: INFO: ***passed***
09/30/2022 06:25:13 PM: INFO: ***passed***
09/30/2022 06:25:23 PM: INFO: ***passed***
09/30/2022 06:25:23 PM: INFO: ********Login ddt test passed*********
09/30/2022 06:25:24 PM: INFO: ******* End of Login DDT Test **********
09/30/2022 06:25:24 PM: INFO: **************** Completed  TC_LoginDDT_002 ************* 
09/30/2022 06:25:40 PM: INFO: **************************Test_002_login_ddt test**********************
09/30/2022 06:25:55 PM: INFO: ***test pass***
09/30/2022 06:26:07 PM: INFO: ***passed***
09/30/2022 06:26:18 PM: INFO: ***passed***
09/30/2022 06:26:29 PM: INFO: ***passed***
09/30/2022 06:26:29 PM: INFO: ********Login ddt test passed*********
09/30/2022 06:26:29 PM: INFO: ******* End of Login DDT Test **********
09/30/2022 06:26:29 PM: INFO: **************** Completed  TC_LoginDDT_002 ************* 
09/30/2022 06:46:32 PM: INFO: ************************** Test_001_Login **********************
09/30/2022 06:46:32 PM: INFO: ************************** Homepage verify title **********************
09/30/2022 06:46:50 PM: INFO: ************************** Homepage Test Title Verification returns OK **********************
09/30/2022 06:46:51 PM: INFO: ************************** Test_001_Login **********************
09/30/2022 06:46:51 PM: INFO: ************************** Login verify title **********************
09/30/2022 06:46:58 PM: INFO: ************************** Login Test Title Verification returns false **********************
09/30/2022 06:47:27 PM: INFO: ************************** Test_001_Login **********************
09/30/2022 06:47:27 PM: INFO: ************************** Homepage verify title **********************
09/30/2022 06:47:27 PM: INFO: ************************** Homepage Test Title Verification returns false **********************
09/30/2022 06:47:29 PM: INFO: ************************** Test_001_Login **********************
09/30/2022 06:47:29 PM: INFO: ************************** Login verify title **********************
09/30/2022 06:48:12 PM: INFO: ************************** Login Test Title Verification returns OK **********************
